2021-02-22 03:07:06.196 +02:00 [INF] Now listening on: http://localhost:5000
2021-02-22 03:07:06.234 +02:00 [INF] Application started. Press Ctrl+C to shut down.
2021-02-22 03:07:06.235 +02:00 [INF] Hosting environment: Development
2021-02-22 03:07:06.237 +02:00 [INF] Content root path: C:\Users\Михаил\source\repos\PMHW9\WebTask_1
2021-02-22 03:07:07.235 +02:00 [INF] Request starting HTTP/1.1 GET http://localhost:5000/  
2021-02-22 03:07:07.290 +02:00 [INF] Executing endpoint '/ HTTP: GET'
2021-02-22 03:07:07.303 +02:00 [INF] Executed endpoint '/ HTTP: GET'
2021-02-22 03:07:07.308 +02:00 [INF] Request finished in 77.3613ms 200 
2021-02-22 03:07:14.136 +02:00 [INF] Request starting HTTP/1.1 GET http://localhost:5000/primes/2  
2021-02-22 03:07:14.140 +02:00 [INF] Executing endpoint '/primes/{number:int} HTTP: GET'
2021-02-22 03:07:14.145 +02:00 [INF] Trying to get settings to check is it number is prime.
2021-02-22 03:07:14.147 +02:00 [INF] Operation succeded: Number -> 2 Prime: True
2021-02-22 03:07:14.147 +02:00 [INF] Executed endpoint '/primes/{number:int} HTTP: GET'
2021-02-22 03:07:14.150 +02:00 [INF] Request finished in 13.9275ms 200 
2021-02-22 05:11:18.709 +02:00 [INF] Now listening on: http://localhost:5000
2021-02-22 05:11:18.741 +02:00 [INF] Application started. Press Ctrl+C to shut down.
2021-02-22 05:11:18.742 +02:00 [INF] Hosting environment: Development
2021-02-22 05:11:18.743 +02:00 [INF] Content root path: C:\Users\Михаил\source\repos\PMHW9\WebTask_1
2021-02-22 05:11:21.719 +02:00 [INF] Request starting HTTP/1.1 GET http://localhost:5000/  
2021-02-22 05:11:21.774 +02:00 [INF] Executing endpoint '/ HTTP: GET'
2021-02-22 05:11:21.788 +02:00 [INF] Executed endpoint '/ HTTP: GET'
2021-02-22 05:11:21.790 +02:00 [INF] Request finished in 78.7233ms 200 
2021-02-22 05:11:38.501 +02:00 [INF] Request starting HTTP/1.1 GET http://localhost:5000/test?to=abc  
2021-02-22 05:11:38.503 +02:00 [INF] Request finished in 2.5401ms 404 
2021-02-22 05:12:21.970 +02:00 [INF] Request starting HTTP/1.1 GET http://localhost:5000/primes?from=0&to=5  
2021-02-22 05:12:21.973 +02:00 [INF] Executing endpoint '/primes HTTP: GET'
2021-02-22 05:12:21.983 +02:00 [INF] Trying to get settings to check is it number is prime.
2021-02-22 05:12:21.985 +02:00 [INF] Primes in range from 0 to 5 was found succesfully
2021-02-22 05:12:22.033 +02:00 [INF] Executed endpoint '/primes HTTP: GET'
2021-02-22 05:12:22.040 +02:00 [INF] Request finished in 70.3882ms 200 
2021-02-22 05:12:44.696 +02:00 [INF] Request starting HTTP/1.1 GET http://localhost:5000/primes?to=5  
2021-02-22 05:12:44.699 +02:00 [INF] Executing endpoint '/primes HTTP: GET'
2021-02-22 05:12:44.702 +02:00 [INF] Trying to get settings to check is it number is prime.
2021-02-22 05:12:44.705 +02:00 [INF] Primes in range from 0 to 5 was found succesfully
2021-02-22 05:12:44.976 +02:00 [INF] Executed endpoint '/primes HTTP: GET'
2021-02-22 05:12:44.981 +02:00 [ERR] An unhandled exception has occurred while executing the request.
System.InvalidOperationException: StatusCode cannot be set because the response has already started.
   at Microsoft.AspNetCore.Server.Kestrel.Core.Internal.Http.HttpProtocol.ThrowResponseAlreadyStartedException(String value)
   at Microsoft.AspNetCore.Server.Kestrel.Core.Internal.Http.HttpProtocol.set_StatusCode(Int32 value)
   at Microsoft.AspNetCore.Server.Kestrel.Core.Internal.Http.HttpProtocol.Microsoft.AspNetCore.Http.Features.IHttpResponseFeature.set_StatusCode(Int32 value)
   at Microsoft.AspNetCore.Http.DefaultHttpResponse.set_StatusCode(Int32 value)
   at WebTask_1.Startup.<>c.<<Configure>b__1_3>d.MoveNext() in C:\Users\Михаил\source\repos\PMHW9\WebTask_1\Startup.cs:line 83
--- End of stack trace from previous location where exception was thrown ---
   at Microsoft.AspNetCore.Routing.EndpointMiddleware.<Invoke>g__AwaitRequestTask|6_0(Endpoint endpoint, Task requestTask, ILogger logger)
   at Microsoft.AspNetCore.Diagnostics.DeveloperExceptionPageMiddleware.Invoke(HttpContext context)
2021-02-22 05:12:45.134 +02:00 [WRN] The response has already started, the error page middleware will not be executed.
2021-02-22 05:12:45.139 +02:00 [ERR] Connection id "0HM6MRU30A0VD", Request id "0HM6MRU30A0VD:00000001": An unhandled exception was thrown by the application.
System.InvalidOperationException: StatusCode cannot be set because the response has already started.
   at Microsoft.AspNetCore.Server.Kestrel.Core.Internal.Http.HttpProtocol.ThrowResponseAlreadyStartedException(String value)
   at Microsoft.AspNetCore.Server.Kestrel.Core.Internal.Http.HttpProtocol.set_StatusCode(Int32 value)
   at Microsoft.AspNetCore.Server.Kestrel.Core.Internal.Http.HttpProtocol.Microsoft.AspNetCore.Http.Features.IHttpResponseFeature.set_StatusCode(Int32 value)
   at Microsoft.AspNetCore.Http.DefaultHttpResponse.set_StatusCode(Int32 value)
   at WebTask_1.Startup.<>c.<<Configure>b__1_3>d.MoveNext() in C:\Users\Михаил\source\repos\PMHW9\WebTask_1\Startup.cs:line 83
--- End of stack trace from previous location where exception was thrown ---
   at Microsoft.AspNetCore.Routing.EndpointMiddleware.<Invoke>g__AwaitRequestTask|6_0(Endpoint endpoint, Task requestTask, ILogger logger)
   at Microsoft.AspNetCore.Diagnostics.DeveloperExceptionPageMiddleware.Invoke(HttpContext context)
   at Microsoft.AspNetCore.Diagnostics.DeveloperExceptionPageMiddleware.Invoke(HttpContext context)
   at Microsoft.AspNetCore.Server.Kestrel.Core.Internal.Http.HttpProtocol.ProcessRequests[TContext](IHttpApplication`1 application)
2021-02-22 05:12:45.158 +02:00 [INF] Request finished in 464.3562ms 400 
2021-02-22 05:16:54.789 +02:00 [INF] Request starting HTTP/1.1 GET http://localhost:5000/primes?from=0&to=5  
2021-02-22 05:16:54.795 +02:00 [INF] Executing endpoint '/primes HTTP: GET'
2021-02-22 05:16:54.806 +02:00 [INF] Trying to get settings to check is it number is prime.
2021-02-22 05:16:54.826 +02:00 [INF] Primes in range from 0 to 5 was found succesfully
2021-02-22 05:16:54.830 +02:00 [INF] Executed endpoint '/primes HTTP: GET'
2021-02-22 05:16:54.832 +02:00 [INF] Request finished in 43.5511ms 200 
2021-02-22 05:17:19.557 +02:00 [INF] Request starting HTTP/1.1 GET http://localhost:5000/primes?from=0&to=100000  
2021-02-22 05:17:19.560 +02:00 [INF] Executing endpoint '/primes HTTP: GET'
2021-02-22 05:17:19.573 +02:00 [INF] Trying to get settings to check is it number is prime.
2021-02-22 05:17:21.203 +02:00 [INF] Primes in range from 0 to 100000 was found succesfully
2021-02-22 05:17:21.221 +02:00 [INF] Executed endpoint '/primes HTTP: GET'
2021-02-22 05:17:21.224 +02:00 [INF] Request finished in 1666.9478ms 200 
2021-02-22 05:55:28.961 +02:00 [INF] Now listening on: http://localhost:5000
2021-02-22 05:55:29.021 +02:00 [INF] Application started. Press Ctrl+C to shut down.
2021-02-22 05:55:29.022 +02:00 [INF] Hosting environment: Development
2021-02-22 05:55:29.025 +02:00 [INF] Content root path: C:\Users\Михаил\source\repos\PMHW9\WebTask_1
2021-02-22 05:55:30.095 +02:00 [INF] Request starting HTTP/1.1 GET http://localhost:5000/  
2021-02-22 05:55:30.146 +02:00 [INF] Executing endpoint '/ HTTP: GET'
2021-02-22 05:55:30.165 +02:00 [INF] Executed endpoint '/ HTTP: GET'
2021-02-22 05:55:30.168 +02:00 [INF] Request finished in 78.2605ms 200 
2021-02-22 05:55:39.088 +02:00 [INF] Request starting HTTP/1.1 GET http://localhost:5000/primes?from=0&to=5  
2021-02-22 05:55:39.091 +02:00 [INF] Executing endpoint '/primes HTTP: GET'
2021-02-22 05:55:39.098 +02:00 [INF] Trying to get settings to check is it number is prime.
2021-02-22 05:55:39.100 +02:00 [INF] Primes in range from 0 to 5 was found succesfully
2021-02-22 05:55:39.127 +02:00 [INF] Executed endpoint '/primes HTTP: GET'
2021-02-22 05:55:39.131 +02:00 [INF] Request finished in 42.4959ms 200 
2021-02-22 05:55:47.445 +02:00 [INF] Request starting HTTP/1.1 GET http://localhost:5000/primes?from=0&  
2021-02-22 05:55:47.448 +02:00 [INF] Executing endpoint '/primes HTTP: GET'
2021-02-22 05:55:47.449 +02:00 [INF] Trying to get settings to check is it number is prime.
2021-02-22 05:55:47.450 +02:00 [INF] Primes in range from 0 to 0 was found succesfully
2021-02-22 05:55:47.494 +02:00 [INF] Executed endpoint '/primes HTTP: GET'
2021-02-22 05:55:47.501 +02:00 [ERR] An unhandled exception has occurred while executing the request.
System.InvalidOperationException: StatusCode cannot be set because the response has already started.
   at Microsoft.AspNetCore.Server.Kestrel.Core.Internal.Http.HttpProtocol.ThrowResponseAlreadyStartedException(String value)
   at Microsoft.AspNetCore.Server.Kestrel.Core.Internal.Http.HttpProtocol.set_StatusCode(Int32 value)
   at Microsoft.AspNetCore.Server.Kestrel.Core.Internal.Http.HttpProtocol.Microsoft.AspNetCore.Http.Features.IHttpResponseFeature.set_StatusCode(Int32 value)
   at Microsoft.AspNetCore.Http.DefaultHttpResponse.set_StatusCode(Int32 value)
   at WebTask_1.Startup.<>c.<<Configure>b__1_3>d.MoveNext() in C:\Users\Михаил\source\repos\PMHW9\WebTask_1\Startup.cs:line 83
--- End of stack trace from previous location where exception was thrown ---
   at Microsoft.AspNetCore.Routing.EndpointMiddleware.<Invoke>g__AwaitRequestTask|6_0(Endpoint endpoint, Task requestTask, ILogger logger)
   at Microsoft.AspNetCore.Diagnostics.DeveloperExceptionPageMiddleware.Invoke(HttpContext context)
2021-02-22 05:55:47.595 +02:00 [WRN] The response has already started, the error page middleware will not be executed.
2021-02-22 05:55:47.600 +02:00 [ERR] Connection id "0HM6MSMOR2BTH", Request id "0HM6MSMOR2BTH:00000002": An unhandled exception was thrown by the application.
System.InvalidOperationException: StatusCode cannot be set because the response has already started.
   at Microsoft.AspNetCore.Server.Kestrel.Core.Internal.Http.HttpProtocol.ThrowResponseAlreadyStartedException(String value)
   at Microsoft.AspNetCore.Server.Kestrel.Core.Internal.Http.HttpProtocol.set_StatusCode(Int32 value)
   at Microsoft.AspNetCore.Server.Kestrel.Core.Internal.Http.HttpProtocol.Microsoft.AspNetCore.Http.Features.IHttpResponseFeature.set_StatusCode(Int32 value)
   at Microsoft.AspNetCore.Http.DefaultHttpResponse.set_StatusCode(Int32 value)
   at WebTask_1.Startup.<>c.<<Configure>b__1_3>d.MoveNext() in C:\Users\Михаил\source\repos\PMHW9\WebTask_1\Startup.cs:line 83
--- End of stack trace from previous location where exception was thrown ---
   at Microsoft.AspNetCore.Routing.EndpointMiddleware.<Invoke>g__AwaitRequestTask|6_0(Endpoint endpoint, Task requestTask, ILogger logger)
   at Microsoft.AspNetCore.Diagnostics.DeveloperExceptionPageMiddleware.Invoke(HttpContext context)
   at Microsoft.AspNetCore.Diagnostics.DeveloperExceptionPageMiddleware.Invoke(HttpContext context)
   at Microsoft.AspNetCore.Server.Kestrel.Core.Internal.Http.HttpProtocol.ProcessRequests[TContext](IHttpApplication`1 application)
2021-02-22 05:55:47.628 +02:00 [INF] Request finished in 182.8983ms 400 
2021-02-22 05:55:53.999 +02:00 [INF] Request starting HTTP/1.1 GET http://localhost:5000/primes?from=0&  
2021-02-22 05:55:54.007 +02:00 [INF] Executing endpoint '/primes HTTP: GET'
2021-02-22 05:55:54.011 +02:00 [INF] Trying to get settings to check is it number is prime.
2021-02-22 05:55:54.013 +02:00 [INF] Primes in range from 0 to 0 was found succesfully
2021-02-22 05:55:54.042 +02:00 [INF] Executed endpoint '/primes HTTP: GET'
2021-02-22 05:55:54.044 +02:00 [ERR] An unhandled exception has occurred while executing the request.
System.InvalidOperationException: StatusCode cannot be set because the response has already started.
   at Microsoft.AspNetCore.Server.Kestrel.Core.Internal.Http.HttpProtocol.ThrowResponseAlreadyStartedException(String value)
   at Microsoft.AspNetCore.Server.Kestrel.Core.Internal.Http.HttpProtocol.set_StatusCode(Int32 value)
   at Microsoft.AspNetCore.Server.Kestrel.Core.Internal.Http.HttpProtocol.Microsoft.AspNetCore.Http.Features.IHttpResponseFeature.set_StatusCode(Int32 value)
   at Microsoft.AspNetCore.Http.DefaultHttpResponse.set_StatusCode(Int32 value)
   at WebTask_1.Startup.<>c.<<Configure>b__1_3>d.MoveNext() in C:\Users\Михаил\source\repos\PMHW9\WebTask_1\Startup.cs:line 83
--- End of stack trace from previous location where exception was thrown ---
   at Microsoft.AspNetCore.Routing.EndpointMiddleware.<Invoke>g__AwaitRequestTask|6_0(Endpoint endpoint, Task requestTask, ILogger logger)
   at Microsoft.AspNetCore.Diagnostics.DeveloperExceptionPageMiddleware.Invoke(HttpContext context)
2021-02-22 05:55:54.060 +02:00 [WRN] The response has already started, the error page middleware will not be executed.
2021-02-22 05:55:54.061 +02:00 [ERR] Connection id "0HM6MSMOR2BTI", Request id "0HM6MSMOR2BTI:00000001": An unhandled exception was thrown by the application.
System.InvalidOperationException: StatusCode cannot be set because the response has already started.
   at Microsoft.AspNetCore.Server.Kestrel.Core.Internal.Http.HttpProtocol.ThrowResponseAlreadyStartedException(String value)
   at Microsoft.AspNetCore.Server.Kestrel.Core.Internal.Http.HttpProtocol.set_StatusCode(Int32 value)
   at Microsoft.AspNetCore.Server.Kestrel.Core.Internal.Http.HttpProtocol.Microsoft.AspNetCore.Http.Features.IHttpResponseFeature.set_StatusCode(Int32 value)
   at Microsoft.AspNetCore.Http.DefaultHttpResponse.set_StatusCode(Int32 value)
   at WebTask_1.Startup.<>c.<<Configure>b__1_3>d.MoveNext() in C:\Users\Михаил\source\repos\PMHW9\WebTask_1\Startup.cs:line 83
--- End of stack trace from previous location where exception was thrown ---
   at Microsoft.AspNetCore.Routing.EndpointMiddleware.<Invoke>g__AwaitRequestTask|6_0(Endpoint endpoint, Task requestTask, ILogger logger)
   at Microsoft.AspNetCore.Diagnostics.DeveloperExceptionPageMiddleware.Invoke(HttpContext context)
   at Microsoft.AspNetCore.Diagnostics.DeveloperExceptionPageMiddleware.Invoke(HttpContext context)
   at Microsoft.AspNetCore.Server.Kestrel.Core.Internal.Http.HttpProtocol.ProcessRequests[TContext](IHttpApplication`1 application)
2021-02-22 05:55:54.094 +02:00 [INF] Request finished in 94.6385ms 400 
2021-02-22 05:56:01.062 +02:00 [INF] Request starting HTTP/1.1 GET http://localhost:5000/primes?from=0&to=5  
2021-02-22 05:56:01.065 +02:00 [INF] Executing endpoint '/primes HTTP: GET'
2021-02-22 05:56:01.068 +02:00 [INF] Trying to get settings to check is it number is prime.
2021-02-22 05:56:01.070 +02:00 [INF] Primes in range from 0 to 5 was found succesfully
2021-02-22 05:56:01.074 +02:00 [INF] Executed endpoint '/primes HTTP: GET'
2021-02-22 05:56:01.077 +02:00 [INF] Request finished in 14.7534ms 200 
2021-02-22 05:56:16.640 +02:00 [INF] Request starting HTTP/1.1 GET http://localhost:5000/primes?from=0&to=500000  
2021-02-22 05:56:16.642 +02:00 [INF] Executing endpoint '/primes HTTP: GET'
2021-02-22 05:56:16.646 +02:00 [INF] Trying to get settings to check is it number is prime.
2021-02-22 05:56:52.000 +02:00 [INF] Primes in range from 0 to 500000 was found succesfully
2021-02-22 05:56:52.019 +02:00 [INF] Executed endpoint '/primes HTTP: GET'
2021-02-22 05:56:52.023 +02:00 [INF] Request finished in 35382.6126ms 200 
2021-02-22 05:57:35.134 +02:00 [INF] Application is shutting down...
2021-02-22 05:58:11.314 +02:00 [INF] Now listening on: http://localhost:5000
2021-02-22 05:58:11.345 +02:00 [INF] Application started. Press Ctrl+C to shut down.
2021-02-22 05:58:11.346 +02:00 [INF] Hosting environment: Development
2021-02-22 05:58:11.347 +02:00 [INF] Content root path: C:\Users\Михаил\source\repos\PMHW9\WebTask_1
2021-02-22 05:58:12.335 +02:00 [INF] Request starting HTTP/1.1 GET http://localhost:5000/  
2021-02-22 05:58:12.464 +02:00 [INF] Executing endpoint '/ HTTP: GET'
2021-02-22 05:58:12.524 +02:00 [INF] Executed endpoint '/ HTTP: GET'
2021-02-22 05:58:12.540 +02:00 [INF] Request finished in 209.3836ms 200 
